# JRE version: OpenJDK Runtime Environment Microsoft-10376486 (17.0.13+11) (build 17.0.13+11-LTS)
# Java VM: OpenJDK 64-Bit Server VM Microsoft-10376486 (17.0.13+11-LTS, mixed mode, sharing, tiered, compressed oops, compressed class ptrs, g1 gc, windows-amd64)
GC Precious Log:
 CPUs: 8 total, 8 available
 Memory: 7971M
 Large Page Support: Disabled
 NUMA Support: Disabled
 Compressed Oops: Enabled (32-bit)
 Heap Region Size: 1M
 Heap Min Capacity: 8M
 Heap Initial Capacity: 126M
 Heap Max Capacity: 2G
 Pre-touch: Disabled
 Parallel Workers: 8
 Concurrent Workers: 2
 Concurrent Refinement Workers: 8
 Periodic GC: Disabled
Heap:
 garbage-first heap   total 382976K, used 311513K [0x0000000080000000, 0x0000000100000000)
  region size 1024K, 2 young (2048K), 1 survivors (1024K)
 Metaspace       used 122354K, committed 124032K, reserved 557056K
  class space    used 16826K, committed 17600K, reserved 425984K
GC Heap History (20 events):
Event: 124.431 GC heap before
{Heap before GC invocations=89 (full 0):
 garbage-first heap   total 382976K, used 330606K [0x0000000080000000, 0x0000000100000000)
  region size 1024K, 34 young (34816K), 4 survivors (4096K)
 Metaspace       used 118482K, committed 120128K, reserved 557056K
  class space    used 16442K, committed 17216K, reserved 425984K
}
Event: 124.441 GC heap after
{Heap after GC invocations=90 (full 0):
 garbage-first heap   total 382976K, used 302244K [0x0000000080000000, 0x0000000100000000)
  region size 1024K, 4 young (4096K), 4 survivors (4096K)
 Metaspace       used 118482K, committed 120128K, reserved 557056K
  class space    used 16442K, committed 17216K, reserved 425984K
}
Event: 125.723 GC heap before
{Heap before GC invocations=90 (full 0):
 garbage-first heap   total 382976K, used 330916K [0x0000000080000000, 0x0000000100000000)
  region size 1024K, 33 young (33792K), 4 survivors (4096K)
 Metaspace       used 118482K, committed 120128K, reserved 557056K
  class space    used 16442K, committed 17216K, reserved 425984K
}
Event: 125.730 GC heap after
{Heap after GC invocations=91 (full 0):
 garbage-first heap   total 382976K, used 303252K [0x0000000080000000, 0x0000000100000000)
  region size 1024K, 4 young (4096K), 4 survivors (4096K)
 Metaspace       used 118482K, committed 120128K, reserved 557056K
  class space    used 16442K, committed 17216K, reserved 425984K
}
Event: 126.344 GC heap before
{Heap before GC invocations=91 (full 0):
 garbage-first heap   total 382976K, used 330900K [0x0000000080000000, 0x0000000100000000)
  region size 1024K, 32 young (32768K), 4 survivors (4096K)
 Metaspace       used 118483K, committed 120128K, reserved 557056K
  class space    used 16442K, committed 17216K, reserved 425984K
}
Event: 126.351 GC heap after
{Heap after GC invocations=92 (full 0):
 garbage-first heap   total 382976K, used 303806K [0x0000000080000000, 0x0000000100000000)
  region size 1024K, 4 young (4096K), 4 survivors (4096K)
 Metaspace       used 118483K, committed 120128K, reserved 557056K
  class space    used 16442K, committed 17216K, reserved 425984K
}
Event: 126.916 GC heap before
{Heap before GC invocations=92 (full 0):
 garbage-first heap   total 382976K, used 331454K [0x0000000080000000, 0x0000000100000000)
  region size 1024K, 32 young (32768K), 4 survivors (4096K)
 Metaspace       used 118501K, committed 120128K, reserved 557056K
  class space    used 16443K, committed 17216K, reserved 425984K
}
Event: 126.924 GC heap after
{Heap after GC invocations=93 (full 0):
 garbage-first heap   total 382976K, used 304683K [0x0000000080000000, 0x0000000100000000)
  region size 1024K, 4 young (4096K), 4 survivors (4096K)
 Metaspace       used 118501K, committed 120128K, reserved 557056K
  class space    used 16443K, committed 17216K, reserved 425984K
}
Event: 127.277 GC heap before
{Heap before GC invocations=93 (full 0):
 garbage-first heap   total 382976K, used 331307K [0x0000000080000000, 0x0000000100000000)
  region size 1024K, 31 young (31744K), 4 survivors (4096K)
 Metaspace       used 118503K, committed 120128K, reserved 557056K
  class space    used 16443K, committed 17216K, reserved 425984K
}
Event: 127.285 GC heap after
{Heap after GC invocations=94 (full 0):
 garbage-first heap   total 382976K, used 305362K [0x0000000080000000, 0x0000000100000000)
  region size 1024K, 4 young (4096K), 4 survivors (4096K)
 Metaspace       used 118503K, committed 120128K, reserved 557056K
  class space    used 16443K, committed 17216K, reserved 425984K
}
Event: 127.694 GC heap before
{Heap before GC invocations=94 (full 0):
 garbage-first heap   total 382976K, used 333010K [0x0000000080000000, 0x0000000100000000)
  region size 1024K, 32 young (32768K), 4 survivors (4096K)
 Metaspace       used 118507K, committed 120128K, reserved 557056K
  class space    used 16443K, committed 17216K, reserved 425984K
}
Event: 127.702 GC heap after
{Heap after GC invocations=95 (full 0):
 garbage-first heap   total 382976K, used 306463K [0x0000000080000000, 0x0000000100000000)
  region size 1024K, 4 young (4096K), 4 survivors (4096K)
 Metaspace       used 118507K, committed 120128K, reserved 557056K
  class space    used 16443K, committed 17216K, reserved 425984K
}
Event: 128.805 GC heap before
{Heap before GC invocations=95 (full 0):
 garbage-first heap   total 382976K, used 338207K [0x0000000080000000, 0x0000000100000000)
  region size 1024K, 31 young (31744K), 4 survivors (4096K)
 Metaspace       used 120021K, committed 121600K, reserved 557056K
  class space    used 16565K, committed 17344K, reserved 425984K
}
Event: 128.816 GC heap after
{Heap after GC invocations=96 (full 0):
 garbage-first heap   total 382976K, used 308012K [0x0000000080000000, 0x0000000100000000)
  region size 1024K, 3 young (3072K), 3 survivors (3072K)
 Metaspace       used 120021K, committed 121600K, reserved 557056K
  class space    used 16565K, committed 17344K, reserved 425984K
}
Event: 129.958 GC heap before
{Heap before GC invocations=96 (full 0):
 garbage-first heap   total 382976K, used 334636K [0x0000000080000000, 0x0000000100000000)
  region size 1024K, 29 young (29696K), 3 survivors (3072K)
 Metaspace       used 120577K, committed 122240K, reserved 557056K
  class space    used 16610K, committed 17408K, reserved 425984K
}
Event: 129.963 GC heap after
{Heap after GC invocations=97 (full 0):
 garbage-first heap   total 382976K, used 308073K [0x0000000080000000, 0x0000000100000000)
  region size 1024K, 3 young (3072K), 3 survivors (3072K)
 Metaspace       used 120577K, committed 122240K, reserved 557056K
  class space    used 16610K, committed 17408K, reserved 425984K
}
Event: 131.032 GC heap before
{Heap before GC invocations=97 (full 0):
 garbage-first heap   total 382976K, used 334697K [0x0000000080000000, 0x0000000100000000)
  region size 1024K, 30 young (30720K), 3 survivors (3072K)
 Metaspace       used 122013K, committed 123648K, reserved 557056K
  class space    used 16785K, committed 17536K, reserved 425984K
}
Event: 131.041 GC heap after
{Heap after GC invocations=98 (full 0):
 garbage-first heap   total 382976K, used 310665K [0x0000000080000000, 0x0000000100000000)
  region size 1024K, 4 young (4096K), 4 survivors (4096K)
 Metaspace       used 122013K, committed 123648K, reserved 557056K
  class space    used 16785K, committed 17536K, reserved 425984K
}
Event: 161.393 GC heap before
{Heap before GC invocations=98 (full 0):
 garbage-first heap   total 382976K, used 326025K [0x0000000080000000, 0x0000000100000000)
  region size 1024K, 21 young (21504K), 4 survivors (4096K)
 Metaspace       used 122353K, committed 123968K, reserved 557056K
  class space    used 16826K, committed 17600K, reserved 425984K
}
Event: 161.408 GC heap after
{Heap after GC invocations=99 (full 0):
 garbage-first heap   total 382976K, used 311513K [0x0000000080000000, 0x0000000100000000)
  region size 1024K, 1 young (1024K), 1 survivors (1024K)
 Metaspace       used 122353K, committed 123968K, reserved 557056K
  class space    used 16826K, committed 17600K, reserved 425984K
}

